<?xml version="1.0" encoding="UTF-8"?>
<coverage generated="1637168379781" clover="3.2.0">
  <project timestamp="1637168379781" name="All files">
    <metrics statements="19" coveredstatements="2" conditionals="4" coveredconditionals="0" methods="4" coveredmethods="0" elements="27" coveredelements="2" complexity="0" loc="19" ncloc="19" packages="1" files="2" classes="2"/>
    <file name="checkURL.js" path="C:\Users\East-Sound\Desktop\Projects\evaluate-news-article\src\client\js\checkURL.js">
      <metrics statements="2" coveredstatements="0" conditionals="0" coveredconditionals="0" methods="1" coveredmethods="0"/>
      <line num="3" count="0" type="stmt"/>
      <line num="9" count="0" type="stmt"/>
    </file>
    <file name="formHandler.js" path="C:\Users\East-Sound\Desktop\Projects\evaluate-news-article\src\client\js\formHandler.js">
      <metrics statements="17" coveredstatements="2" conditionals="4" coveredconditionals="0" methods="3" coveredmethods="0"/>
      <line num="4" count="1" type="cond" truecount="0" falsecount="2"/>
      <line num="5" count="0" type="stmt"/>
      <line num="15" count="0" type="stmt"/>
      <line num="16" count="0" type="stmt"/>
      <line num="19" count="0" type="stmt"/>
      <line num="23" count="1" type="stmt"/>
      <line num="24" count="0" type="stmt"/>
      <line num="26" count="0" type="stmt"/>
      <line num="29" count="0" type="cond" truecount="0" falsecount="2"/>
      <line num="30" count="0" type="stmt"/>
      <line num="32" count="0" type="stmt"/>
      <line num="33" count="0" type="stmt"/>
      <line num="34" count="0" type="stmt"/>
      <line num="35" count="0" type="stmt"/>
      <line num="36" count="0" type="stmt"/>
      <line num="37" count="0" type="stmt"/>
      <line num="43" count="0" type="stmt"/>
    </file>
  </project>
</coverage>
