<?xml version="1.0" encoding="UTF-8"?>
<coverage generated="1635962871009" clover="3.2.0">
  <project timestamp="1635962871010" name="All files">
    <metrics statements="2" coveredstatements="0" conditionals="0" coveredconditionals="0" methods="1" coveredmethods="0" elements="3" coveredelements="0" complexity="0" loc="2" ncloc="2" packages="1" files="1" classes="1"/>
    <file name="checkURL.js" path="C:\Users\East-Sound\Desktop\Projects\evaluate-news-article\src\client\js\checkURL.js">
      <metrics statements="2" coveredstatements="0" conditionals="0" coveredconditionals="0" methods="1" coveredmethods="0"/>
      <line num="3" count="0" type="stmt"/>
      <line num="9" count="0" type="stmt"/>
    </file>
  </project>
</coverage>
