{"C:\\Users\\East-Sound\\Desktop\\Projects\\evaluate-news-article\\src\\client\\js\\checkURL.js": {"path":"C:\\Users\\East-Sound\\Desktop\\Projects\\evaluate-news-article\\src\\client\\js\\checkURL.js","statementMap":{"0":{"start":{"line":3,"column":18},"end":{"line":8,"column":31}},"1":{"start":{"line":9,"column":4},"end":{"line":9,"column":31}}},"fnMap":{"0":{"name":"checkURL","decl":{"start":{"line":2,"column":9},"end":{"line":2,"column":17}},"loc":{"start":{"line":2,"column":23},"end":{"line":10,"column":3}},"line":2}},"branchMap":{},"s":{"0":0,"1":0},"f":{"0":0},"b":{},"_coverageSchema":"1a1c01bbd47fc00a2c39e90264f33305004495a9","hash":"f0ef1a74b05a658d3dc46d3295f293938b41a9ef"}
,"C:\\Users\\East-Sound\\Desktop\\Projects\\evaluate-news-article\\src\\client\\js\\formHandler.js": {"path":"C:\\Users\\East-Sound\\Desktop\\Projects\\evaluate-news-article\\src\\client\\js\\formHandler.js","statementMap":{"0":{"start":{"line":4,"column":13},"end":{"line":21,"column":1}},"1":{"start":{"line":5,"column":21},"end":{"line":13,"column":6}},"2":{"start":{"line":15,"column":4},"end":{"line":20,"column":5}},"3":{"start":{"line":16,"column":8},"end":{"line":16,"column":36}},"4":{"start":{"line":19,"column":8},"end":{"line":19,"column":35}},"5":{"start":{"line":23,"column":21},"end":{"line":46,"column":1}},"6":{"start":{"line":24,"column":4},"end":{"line":24,"column":26}},"7":{"start":{"line":26,"column":16},"end":{"line":26,"column":60}},"8":{"start":{"line":29,"column":4},"end":{"line":44,"column":5}},"9":{"start":{"line":30,"column":8},"end":{"line":38,"column":10}},"10":{"start":{"line":32,"column":12},"end":{"line":32,"column":76}},"11":{"start":{"line":33,"column":12},"end":{"line":33,"column":90}},"12":{"start":{"line":34,"column":12},"end":{"line":34,"column":91}},"13":{"start":{"line":35,"column":12},"end":{"line":35,"column":100}},"14":{"start":{"line":36,"column":12},"end":{"line":36,"column":94}},"15":{"start":{"line":37,"column":12},"end":{"line":37,"column":79}},"16":{"start":{"line":43,"column":8},"end":{"line":43,"column":41}}},"fnMap":{"0":{"name":"(anonymous_0)","decl":{"start":{"line":4,"column":13},"end":{"line":4,"column":14}},"loc":{"start":{"line":4,"column":44},"end":{"line":21,"column":1}},"line":4},"1":{"name":"(anonymous_1)","decl":{"start":{"line":23,"column":21},"end":{"line":23,"column":22}},"loc":{"start":{"line":23,"column":38},"end":{"line":46,"column":1}},"line":23},"2":{"name":"(anonymous_2)","decl":{"start":{"line":30,"column":58},"end":{"line":30,"column":59}},"loc":{"start":{"line":30,"column":66},"end":{"line":38,"column":9}},"line":30}},"branchMap":{"0":{"loc":{"start":{"line":4,"column":20},"end":{"line":4,"column":28}},"type":"default-arg","locations":[{"start":{"line":4,"column":26},"end":{"line":4,"column":28}}],"line":4},"1":{"loc":{"start":{"line":4,"column":30},"end":{"line":4,"column":39}},"type":"default-arg","locations":[{"start":{"line":4,"column":37},"end":{"line":4,"column":39}}],"line":4},"2":{"loc":{"start":{"line":29,"column":4},"end":{"line":44,"column":5}},"type":"if","locations":[{"start":{"line":29,"column":4},"end":{"line":44,"column":5}},{"start":{"line":42,"column":9},"end":{"line":44,"column":5}}],"line":29}},"s":{"0":1,"1":0,"2":0,"3":0,"4":0,"5":1,"6":0,"7":0,"8":0,"9":0,"10":0,"11":0,"12":0,"13":0,"14":0,"15":0,"16":0},"f":{"0":0,"1":0,"2":0},"b":{"0":[0],"1":[0],"2":[0,0]},"_coverageSchema":"1a1c01bbd47fc00a2c39e90264f33305004495a9","hash":"8e23480105b13a0cc2de2884cf2a128f5a7cbadd"}
}
