{"C:\\Users\\East-Sound\\Desktop\\Projects\\evaluate-news-article\\src\\client\\js\\checkURL.js": {"path":"C:\\Users\\East-Sound\\Desktop\\Projects\\evaluate-news-article\\src\\client\\js\\checkURL.js","statementMap":{"0":{"start":{"line":3,"column":18},"end":{"line":8,"column":31}},"1":{"start":{"line":9,"column":4},"end":{"line":9,"column":31}}},"fnMap":{"0":{"name":"checkURL","decl":{"start":{"line":2,"column":9},"end":{"line":2,"column":17}},"loc":{"start":{"line":2,"column":23},"end":{"line":10,"column":3}},"line":2}},"branchMap":{},"s":{"0":0,"1":0},"f":{"0":0},"b":{},"_coverageSchema":"1a1c01bbd47fc00a2c39e90264f33305004495a9","hash":"f0ef1a74b05a658d3dc46d3295f293938b41a9ef"}
}
